<?xml version="1.0" encoding="UTF-8"?>
<testsuite xmlns:xsi="http://www.w3.org/2001/XMLSchema-instance" xsi:noNamespaceSchemaLocation="https://maven.apache.org/surefire/maven-surefire-plugin/xsd/surefire-test-report.xsd" name="RegistrationPageTest" time="47.894" tests="3" errors="0" skipped="0" failures="0">
  <properties>
[...]
</properties>
  <testcase name="testNotSuccessfulRegistrationPassword5" classname="RegistrationPageTest" time="2.326"/>
  <testcase name="testSuccessfulRegistration" classname="RegistrationPageTest" time="3.488"/>
  <testcase name="testSuccessfulRegistrationPassword6" classname="RegistrationPageTest" time="42.077"/>
</testsuite>